# JRE version: Java(TM) SE Runtime Environment (8.0_181-b13) (build 1.8.0_181-b13)
# Java VM: Java HotSpot(TM) 64-Bit Server VM (25.181-b13 mixed mode windows-amd64 compressed oops)
Heap:
 PSYoungGen      total 71680K, used 42050K [0x00000000d5d80000, 0x00000000da880000, 0x0000000100000000)
  eden space 66560K, 63% used [0x00000000d5d80000,0x00000000d86909c0,0x00000000d9e80000)
  from space 5120K, 0% used [0x00000000d9e80000,0x00000000d9e80000,0x00000000da380000)
  to   space 5120K, 0% used [0x00000000da380000,0x00000000da380000,0x00000000da880000)
 ParOldGen       total 57344K, used 17914K [0x0000000081800000, 0x0000000085000000, 0x00000000d5d80000)
  object space 57344K, 31% used [0x0000000081800000,0x000000008297e9c0,0x0000000085000000)
 Metaspace       used 38058K, capacity 39766K, committed 39984K, reserved 1087488K
  class space    used 4989K, capacity 5298K, committed 5424K, reserved 1048576K
GC Heap History (10 events):
Event: 1.763 GC heap before
{Heap before GC invocations=5 (full 1):
 PSYoungGen      total 71680K, used 5110K [0x00000000d5d80000, 0x00000000da880000, 0x0000000100000000)
  eden space 66560K, 0% used [0x00000000d5d80000,0x00000000d5d80000,0x00000000d9e80000)
  from space 5120K, 99% used [0x00000000da380000,0x00000000da87daa8,0x00000000da880000)
  to   space 5120K, 0% used [0x00000000d9e80000,0x00000000d9e80000,0x00000000da380000)
 ParOldGen       total 87552K, used 5476K [0x0000000081800000, 0x0000000086d80000, 0x00000000d5d80000)
  object space 87552K, 6% used [0x0000000081800000,0x0000000081d59238,0x0000000086d80000)
 Metaspace       used 20627K, capacity 21174K, committed 21296K, reserved 1067008K
  class space    used 2663K, capacity 2820K, committed 2864K, reserved 1048576K
Event: 1.797 GC heap after
Heap after GC invocations=5 (full 1):
 PSYoungGen      total 71680K, used 0K [0x00000000d5d80000, 0x00000000da880000, 0x0000000100000000)
  eden space 66560K, 0% used [0x00000000d5d80000,0x00000000d5d80000,0x00000000d9e80000)
  from space 5120K, 0% used [0x00000000da380000,0x00000000da380000,0x00000000da880000)
  to   space 5120K, 0% used [0x00000000d9e80000,0x00000000d9e80000,0x00000000da380000)
 ParOldGen       total 57344K, used 6679K [0x0000000081800000, 0x0000000085000000, 0x00000000d5d80000)
  object space 57344K, 11% used [0x0000000081800000,0x0000000081e85e10,0x0000000085000000)
 Metaspace       used 20627K, capacity 21174K, committed 21296K, reserved 1067008K
  class space    used 2663K, capacity 2820K, committed 2864K, reserved 1048576K
}
Event: 2.882 GC heap before
{Heap before GC invocations=6 (full 1):
 PSYoungGen      total 71680K, used 66560K [0x00000000d5d80000, 0x00000000da880000, 0x0000000100000000)
  eden space 66560K, 100% used [0x00000000d5d80000,0x00000000d9e80000,0x00000000d9e80000)
  from space 5120K, 0% used [0x00000000da380000,0x00000000da380000,0x00000000da880000)
  to   space 5120K, 0% used [0x00000000d9e80000,0x00000000d9e80000,0x00000000da380000)
 ParOldGen       total 57344K, used 6679K [0x0000000081800000, 0x0000000085000000, 0x00000000d5d80000)
  object space 57344K, 11% used [0x0000000081800000,0x0000000081e85e10,0x0000000085000000)
 Metaspace       used 26695K, capacity 27620K, committed 27824K, reserved 1073152K
  class space    used 3454K, capacity 3683K, committed 3760K, reserved 1048576K
Event: 2.896 GC heap after
Heap after GC invocations=6 (full 1):
 PSYoungGen      total 71680K, used 5096K [0x00000000d5d80000, 0x00000000da880000, 0x0000000100000000)
  eden space 66560K, 0% used [0x00000000d5d80000,0x00000000d5d80000,0x00000000d9e80000)
  from space 5120K, 99% used [0x00000000d9e80000,0x00000000da37a0a0,0x00000000da380000)
  to   space 5120K, 0% used [0x00000000da380000,0x00000000da380000,0x00000000da880000)
 ParOldGen       total 57344K, used 9370K [0x0000000081800000, 0x0000000085000000, 0x00000000d5d80000)
  object space 57344K, 16% used [0x0000000081800000,0x0000000082126a28,0x0000000085000000)
 Metaspace       used 26695K, capacity 27620K, committed 27824K, reserved 1073152K
  class space    used 3454K, capacity 3683K, committed 3760K, reserved 1048576K
}
Event: 4.115 GC heap before
{Heap before GC invocations=7 (full 1):
 PSYoungGen      total 71680K, used 71656K [0x00000000d5d80000, 0x00000000da880000, 0x0000000100000000)
  eden space 66560K, 100% used [0x00000000d5d80000,0x00000000d9e80000,0x00000000d9e80000)
  from space 5120K, 99% used [0x00000000d9e80000,0x00000000da37a0a0,0x00000000da380000)
  to   space 5120K, 0% used [0x00000000da380000,0x00000000da380000,0x00000000da880000)
 ParOldGen       total 57344K, used 9370K [0x0000000081800000, 0x0000000085000000, 0x00000000d5d80000)
  object space 57344K, 16% used [0x0000000081800000,0x0000000082126a28,0x0000000085000000)
 Metaspace       used 31009K, capacity 32252K, committed 32432K, reserved 1077248K
  class space    used 4024K, capacity 4267K, committed 4272K, reserved 1048576K
Event: 4.128 GC heap after
Heap after GC invocations=7 (full 1):
 PSYoungGen      total 71680K, used 5108K [0x00000000d5d80000, 0x00000000da880000, 0x0000000100000000)
  eden space 66560K, 0% used [0x00000000d5d80000,0x00000000d5d80000,0x00000000d9e80000)
  from space 5120K, 99% used [0x00000000da380000,0x00000000da87d030,0x00000000da880000)
  to   space 5120K, 0% used [0x00000000d9e80000,0x00000000d9e80000,0x00000000da380000)
 ParOldGen       total 57344K, used 16857K [0x0000000081800000, 0x0000000085000000, 0x00000000d5d80000)
  object space 57344K, 29% used [0x0000000081800000,0x0000000082876628,0x0000000085000000)
 Metaspace       used 31009K, capacity 32252K, committed 32432K, reserved 1077248K
  class space    used 4024K, capacity 4267K, committed 4272K, reserved 1048576K
}
Event: 4.847 GC heap before
{Heap before GC invocations=8 (full 1):
 PSYoungGen      total 71680K, used 35961K [0x00000000d5d80000, 0x00000000da880000, 0x0000000100000000)
  eden space 66560K, 46% used [0x00000000d5d80000,0x00000000d7ba1498,0x00000000d9e80000)
  from space 5120K, 99% used [0x00000000da380000,0x00000000da87d030,0x00000000da880000)
  to   space 5120K, 0% used [0x00000000d9e80000,0x00000000d9e80000,0x00000000da380000)
 ParOldGen       total 57344K, used 16857K [0x0000000081800000, 0x0000000085000000, 0x00000000d5d80000)
  object space 57344K, 29% used [0x0000000081800000,0x0000000082876628,0x0000000085000000)
 Metaspace       used 33969K, capacity 35330K, committed 35496K, reserved 1081344K
  class space    used 4360K, capacity 4616K, committed 4656K, reserved 1048576K
Event: 4.858 GC heap after
Heap after GC invocations=8 (full 1):
 PSYoungGen      total 71680K, used 5092K [0x00000000d5d80000, 0x00000000da880000, 0x0000000100000000)
  eden space 66560K, 0% used [0x00000000d5d80000,0x00000000d5d80000,0x00000000d9e80000)
  from space 5120K, 99% used [0x00000000d9e80000,0x00000000da379040,0x00000000da380000)
  to   space 5120K, 0% used [0x00000000da380000,0x00000000da380000,0x00000000da880000)
 ParOldGen       total 57344K, used 20113K [0x0000000081800000, 0x0000000085000000, 0x00000000d5d80000)
  object space 57344K, 35% used [0x0000000081800000,0x0000000082ba47a8,0x0000000085000000)
 Metaspace       used 33969K, capacity 35330K, committed 35496K, reserved 1081344K
  class space    used 4360K, capacity 4616K, committed 4656K, reserved 1048576K
}
Event: 4.858 GC heap before
{Heap before GC invocations=9 (full 2):
 PSYoungGen      total 71680K, used 5092K [0x00000000d5d80000, 0x00000000da880000, 0x0000000100000000)
  eden space 66560K, 0% used [0x00000000d5d80000,0x00000000d5d80000,0x00000000d9e80000)
  from space 5120K, 99% used [0x00000000d9e80000,0x00000000da379040,0x00000000da380000)
  to   space 5120K, 0% used [0x00000000da380000,0x00000000da380000,0x00000000da880000)
 ParOldGen       total 57344K, used 20113K [0x0000000081800000, 0x0000000085000000, 0x00000000d5d80000)
  object space 57344K, 35% used [0x0000000081800000,0x0000000082ba47a8,0x0000000085000000)
 Metaspace       used 33969K, capacity 35330K, committed 35496K, reserved 1081344K
  class space    used 4360K, capacity 4616K, committed 4656K, reserved 1048576K
Event: 4.937 GC heap after
Heap after GC invocations=9 (full 2):
 PSYoungGen      total 71680K, used 0K [0x00000000d5d80000, 0x00000000da880000, 0x0000000100000000)
  eden space 66560K, 0% used [0x00000000d5d80000,0x00000000d5d80000,0x00000000d9e80000)
  from space 5120K, 0% used [0x00000000d9e80000,0x00000000d9e80000,0x00000000da380000)
  to   space 5120K, 0% used [0x00000000da380000,0x00000000da380000,0x00000000da880000)
 ParOldGen       total 57344K, used 17914K [0x0000000081800000, 0x0000000085000000, 0x00000000d5d80000)
  object space 57344K, 31% used [0x0000000081800000,0x000000008297e9c0,0x0000000085000000)
 Metaspace       used 33969K, capacity 35330K, committed 35496K, reserved 1081344K
  class space    used 4360K, capacity 4616K, committed 4656K, reserved 1048576K
}

