# JRE version: Java(TM) SE Runtime Environment (8.0_181-b13) (build 1.8.0_181-b13)
# Java VM: Java HotSpot(TM) 64-Bit Server VM (25.181-b13 mixed mode windows-amd64 compressed oops)
Heap:
 PSYoungGen      total 119808K, used 36229K [0x00000000d5d80000, 0x00000000e2180000, 0x0000000100000000)
  eden space 107520K, 33% used [0x00000000d5d80000,0x00000000d80e15b0,0x00000000dc680000)
  from space 12288K, 0% used [0x00000000dc680000,0x00000000dc680000,0x00000000dd280000)
  to   space 14336K, 0% used [0x00000000e1380000,0x00000000e1380000,0x00000000e2180000)
 ParOldGen       total 88576K, used 18170K [0x0000000081800000, 0x0000000086e80000, 0x00000000d5d80000)
  object space 88576K, 20% used [0x0000000081800000,0x00000000829bea70,0x0000000086e80000)
 Metaspace       used 37518K, capacity 39206K, committed 39344K, reserved 1083392K
  class space    used 4920K, capacity 5226K, committed 5296K, reserved 1048576K
GC Heap History (10 events):
Event: 2.826 GC heap before
{Heap before GC invocations=5 (full 1):
 PSYoungGen      total 71680K, used 5096K [0x00000000d5d80000, 0x00000000da880000, 0x0000000100000000)
  eden space 66560K, 0% used [0x00000000d5d80000,0x00000000d5d80000,0x00000000d9e80000)
  from space 5120K, 99% used [0x00000000da380000,0x00000000da87a3c8,0x00000000da880000)
  to   space 5120K, 0% used [0x00000000d9e80000,0x00000000d9e80000,0x00000000da380000)
 ParOldGen       total 87552K, used 5449K [0x0000000081800000, 0x0000000086d80000, 0x00000000d5d80000)
  object space 87552K, 6% used [0x0000000081800000,0x0000000081d52440,0x0000000086d80000)
 Metaspace       used 20616K, capacity 21180K, committed 21296K, reserved 1067008K
  class space    used 2648K, capacity 2821K, committed 2864K, reserved 1048576K
Event: 2.862 GC heap after
Heap after GC invocations=5 (full 1):
 PSYoungGen      total 71680K, used 0K [0x00000000d5d80000, 0x00000000da880000, 0x0000000100000000)
  eden space 66560K, 0% used [0x00000000d5d80000,0x00000000d5d80000,0x00000000d9e80000)
  from space 5120K, 0% used [0x00000000da380000,0x00000000da380000,0x00000000da880000)
  to   space 5120K, 0% used [0x00000000d9e80000,0x00000000d9e80000,0x00000000da380000)
 ParOldGen       total 54272K, used 6731K [0x0000000081800000, 0x0000000084d00000, 0x00000000d5d80000)
  object space 54272K, 12% used [0x0000000081800000,0x0000000081e92e48,0x0000000084d00000)
 Metaspace       used 20616K, capacity 21180K, committed 21296K, reserved 1067008K
  class space    used 2648K, capacity 2821K, committed 2864K, reserved 1048576K
}
Event: 4.036 GC heap before
{Heap before GC invocations=6 (full 1):
 PSYoungGen      total 71680K, used 66560K [0x00000000d5d80000, 0x00000000da880000, 0x0000000100000000)
  eden space 66560K, 100% used [0x00000000d5d80000,0x00000000d9e80000,0x00000000d9e80000)
  from space 5120K, 0% used [0x00000000da380000,0x00000000da380000,0x00000000da880000)
  to   space 5120K, 0% used [0x00000000d9e80000,0x00000000d9e80000,0x00000000da380000)
 ParOldGen       total 54272K, used 6731K [0x0000000081800000, 0x0000000084d00000, 0x00000000d5d80000)
  object space 54272K, 12% used [0x0000000081800000,0x0000000081e92e48,0x0000000084d00000)
 Metaspace       used 26715K, capacity 27680K, committed 27824K, reserved 1073152K
  class space    used 3455K, capacity 3683K, committed 3760K, reserved 1048576K
Event: 4.053 GC heap after
Heap after GC invocations=6 (full 1):
 PSYoungGen      total 71680K, used 5098K [0x00000000d5d80000, 0x00000000ddb80000, 0x0000000100000000)
  eden space 66560K, 0% used [0x00000000d5d80000,0x00000000d5d80000,0x00000000d9e80000)
  from space 5120K, 99% used [0x00000000d9e80000,0x00000000da37a838,0x00000000da380000)
  to   space 9216K, 0% used [0x00000000dd280000,0x00000000dd280000,0x00000000ddb80000)
 ParOldGen       total 54272K, used 9522K [0x0000000081800000, 0x0000000084d00000, 0x00000000d5d80000)
  object space 54272K, 17% used [0x0000000081800000,0x000000008214ca38,0x0000000084d00000)
 Metaspace       used 26715K, capacity 27680K, committed 27824K, reserved 1073152K
  class space    used 3455K, capacity 3683K, committed 3760K, reserved 1048576K
}
Event: 5.189 GC heap before
{Heap before GC invocations=7 (full 1):
 PSYoungGen      total 71680K, used 71658K [0x00000000d5d80000, 0x00000000ddb80000, 0x0000000100000000)
  eden space 66560K, 100% used [0x00000000d5d80000,0x00000000d9e80000,0x00000000d9e80000)
  from space 5120K, 99% used [0x00000000d9e80000,0x00000000da37a838,0x00000000da380000)
  to   space 9216K, 0% used [0x00000000dd280000,0x00000000dd280000,0x00000000ddb80000)
 ParOldGen       total 54272K, used 9522K [0x0000000081800000, 0x0000000084d00000, 0x00000000d5d80000)
  object space 54272K, 17% used [0x0000000081800000,0x000000008214ca38,0x0000000084d00000)
 Metaspace       used 31012K, capacity 32238K, committed 32432K, reserved 1077248K
  class space    used 4025K, capacity 4266K, committed 4272K, reserved 1048576K
Event: 5.202 GC heap after
Heap after GC invocations=7 (full 1):
 PSYoungGen      total 116736K, used 9201K [0x00000000d5d80000, 0x00000000ddf80000, 0x0000000100000000)
  eden space 107520K, 0% used [0x00000000d5d80000,0x00000000d5d80000,0x00000000dc680000)
  from space 9216K, 99% used [0x00000000dd280000,0x00000000ddb7c710,0x00000000ddb80000)
  to   space 12288K, 0% used [0x00000000dc680000,0x00000000dc680000,0x00000000dd280000)
 ParOldGen       total 54272K, used 12876K [0x0000000081800000, 0x0000000084d00000, 0x00000000d5d80000)
  object space 54272K, 23% used [0x0000000081800000,0x0000000082493070,0x0000000084d00000)
 Metaspace       used 31012K, capacity 32238K, committed 32432K, reserved 1077248K
  class space    used 4025K, capacity 4266K, committed 4272K, reserved 1048576K
}
Event: 6.461 GC heap before
{Heap before GC invocations=8 (full 1):
 PSYoungGen      total 116736K, used 42354K [0x00000000d5d80000, 0x00000000ddf80000, 0x0000000100000000)
  eden space 107520K, 30% used [0x00000000d5d80000,0x00000000d7de0100,0x00000000dc680000)
  from space 9216K, 99% used [0x00000000dd280000,0x00000000ddb7c710,0x00000000ddb80000)
  to   space 12288K, 0% used [0x00000000dc680000,0x00000000dc680000,0x00000000dd280000)
 ParOldGen       total 54272K, used 12876K [0x0000000081800000, 0x0000000084d00000, 0x00000000d5d80000)
  object space 54272K, 23% used [0x0000000081800000,0x0000000082493070,0x0000000084d00000)
 Metaspace       used 34055K, capacity 35410K, committed 35496K, reserved 1081344K
  class space    used 4369K, capacity 4620K, committed 4656K, reserved 1048576K
Event: 6.476 GC heap after
Heap after GC invocations=8 (full 1):
 PSYoungGen      total 119808K, used 12277K [0x00000000d5d80000, 0x00000000e2180000, 0x0000000100000000)
  eden space 107520K, 0% used [0x00000000d5d80000,0x00000000d5d80000,0x00000000dc680000)
  from space 12288K, 99% used [0x00000000dc680000,0x00000000dd27d518,0x00000000dd280000)
  to   space 14336K, 0% used [0x00000000e1380000,0x00000000e1380000,0x00000000e2180000)
 ParOldGen       total 54272K, used 13384K [0x0000000081800000, 0x0000000084d00000, 0x00000000d5d80000)
  object space 54272K, 24% used [0x0000000081800000,0x00000000825122f0,0x0000000084d00000)
 Metaspace       used 34055K, capacity 35410K, committed 35496K, reserved 1081344K
  class space    used 4369K, capacity 4620K, committed 4656K, reserved 1048576K
}
Event: 6.476 GC heap before
{Heap before GC invocations=9 (full 2):
 PSYoungGen      total 119808K, used 12277K [0x00000000d5d80000, 0x00000000e2180000, 0x0000000100000000)
  eden space 107520K, 0% used [0x00000000d5d80000,0x00000000d5d80000,0x00000000dc680000)
  from space 12288K, 99% used [0x00000000dc680000,0x00000000dd27d518,0x00000000dd280000)
  to   space 14336K, 0% used [0x00000000e1380000,0x00000000e1380000,0x00000000e2180000)
 ParOldGen       total 54272K, used 13384K [0x0000000081800000, 0x0000000084d00000, 0x00000000d5d80000)
  object space 54272K, 24% used [0x0000000081800000,0x00000000825122f0,0x0000000084d00000)
 Metaspace       used 34055K, capacity 35410K, committed 35496K, reserved 1081344K
  class space    used 4369K, capacity 4620K, committed 4656K, reserved 1048576K
Event: 6.556 GC heap after
Heap after GC invocations=9 (full 2):
 PSYoungGen      total 119808K, used 0K [0x00000000d5d80000, 0x00000000e2180000, 0x0000000100000000)
  eden space 107520K, 0% used [0x00000000d5d80000,0x00000000d5d80000,0x00000000dc680000)
  from space 12288K, 0% used [0x00000000dc680000,0x00000000dc680000,0x00000000dd280000)
  to   space 14336K, 0% used [0x00000000e1380000,0x00000000e1380000,0x00000000e2180000)
 ParOldGen       total 88576K, used 18170K [0x0000000081800000, 0x0000000086e80000, 0x00000000d5d80000)
  object space 88576K, 20% used [0x0000000081800000,0x00000000829bea70,0x0000000086e80000)
 Metaspace       used 34055K, capacity 35410K, committed 35496K, reserved 1081344K
  class space    used 4369K, capacity 4620K, committed 4656K, reserved 1048576K
}

