# JRE version: Java(TM) SE Runtime Environment (8.0_181-b13) (build 1.8.0_181-b13)
# Java VM: Java HotSpot(TM) 64-Bit Server VM (25.181-b13 mixed mode windows-amd64 compressed oops)
Heap:
 PSYoungGen      total 38400K, used 31512K [0x00000000d5d80000, 0x00000000da300000, 0x0000000100000000)
  eden space 33280K, 82% used [0x00000000d5d80000,0x00000000d784be28,0x00000000d7e00000)
  from space 5120K, 79% used [0x00000000d7e00000,0x00000000d81fa208,0x00000000d8300000)
  to   space 9216K, 0% used [0x00000000d9a00000,0x00000000d9a00000,0x00000000da300000)
 ParOldGen       total 56320K, used 6806K [0x0000000081800000, 0x0000000084f00000, 0x00000000d5d80000)
  object space 56320K, 12% used [0x0000000081800000,0x0000000081ea5a88,0x0000000084f00000)
 Metaspace       used 26430K, capacity 27378K, committed 27568K, reserved 1073152K
  class space    used 3423K, capacity 3648K, committed 3760K, reserved 1048576K
GC Heap History (10 events):
Event: 1.147 GC heap before
{Heap before GC invocations=2 (full 0):
 PSYoungGen      total 38400K, used 38140K [0x00000000d5d80000, 0x00000000d8800000, 0x0000000100000000)
  eden space 33280K, 100% used [0x00000000d5d80000,0x00000000d7e00000,0x00000000d7e00000)
  from space 5120K, 94% used [0x00000000d7e00000,0x00000000d82bf068,0x00000000d8300000)
  to   space 5120K, 0% used [0x00000000d8300000,0x00000000d8300000,0x00000000d8800000)
 ParOldGen       total 87552K, used 17K [0x0000000081800000, 0x0000000086d80000, 0x00000000d5d80000)
  object space 87552K, 0% used [0x0000000081800000,0x00000000818046f8,0x0000000086d80000)
 Metaspace       used 13752K, capacity 14170K, committed 14336K, reserved 1060864K
  class space    used 1811K, capacity 1946K, committed 2048K, reserved 1048576K
Event: 1.157 GC heap after
Heap after GC invocations=2 (full 0):
 PSYoungGen      total 38400K, used 5113K [0x00000000d5d80000, 0x00000000d8800000, 0x0000000100000000)
  eden space 33280K, 0% used [0x00000000d5d80000,0x00000000d5d80000,0x00000000d7e00000)
  from space 5120K, 99% used [0x00000000d8300000,0x00000000d87fe688,0x00000000d8800000)
  to   space 5120K, 0% used [0x00000000d7e00000,0x00000000d7e00000,0x00000000d8300000)
 ParOldGen       total 87552K, used 659K [0x0000000081800000, 0x0000000086d80000, 0x00000000d5d80000)
  object space 87552K, 0% used [0x0000000081800000,0x00000000818a4f60,0x0000000086d80000)
 Metaspace       used 13752K, capacity 14170K, committed 14336K, reserved 1060864K
  class space    used 1811K, capacity 1946K, committed 2048K, reserved 1048576K
}
Event: 1.487 GC heap before
{Heap before GC invocations=3 (full 0):
 PSYoungGen      total 38400K, used 38393K [0x00000000d5d80000, 0x00000000d8800000, 0x0000000100000000)
  eden space 33280K, 100% used [0x00000000d5d80000,0x00000000d7e00000,0x00000000d7e00000)
  from space 5120K, 99% used [0x00000000d8300000,0x00000000d87fe688,0x00000000d8800000)
  to   space 5120K, 0% used [0x00000000d7e00000,0x00000000d7e00000,0x00000000d8300000)
 ParOldGen       total 87552K, used 659K [0x0000000081800000, 0x0000000086d80000, 0x00000000d5d80000)
  object space 87552K, 0% used [0x0000000081800000,0x00000000818a4f60,0x0000000086d80000)
 Metaspace       used 18785K, capacity 19272K, committed 19456K, reserved 1067008K
  class space    used 2408K, capacity 2529K, committed 2560K, reserved 1048576K
Event: 1.496 GC heap after
Heap after GC invocations=3 (full 0):
 PSYoungGen      total 38400K, used 5094K [0x00000000d5d80000, 0x00000000d8800000, 0x0000000100000000)
  eden space 33280K, 0% used [0x00000000d5d80000,0x00000000d5d80000,0x00000000d7e00000)
  from space 5120K, 99% used [0x00000000d7e00000,0x00000000d82f9b48,0x00000000d8300000)
  to   space 5120K, 0% used [0x00000000d8300000,0x00000000d8300000,0x00000000d8800000)
 ParOldGen       total 87552K, used 3724K [0x0000000081800000, 0x0000000086d80000, 0x00000000d5d80000)
  object space 87552K, 4% used [0x0000000081800000,0x0000000081ba3350,0x0000000086d80000)
 Metaspace       used 18785K, capacity 19272K, committed 19456K, reserved 1067008K
  class space    used 2408K, capacity 2529K, committed 2560K, reserved 1048576K
}
Event: 1.673 GC heap before
{Heap before GC invocations=4 (full 0):
 PSYoungGen      total 38400K, used 25809K [0x00000000d5d80000, 0x00000000d8800000, 0x0000000100000000)
  eden space 33280K, 62% used [0x00000000d5d80000,0x00000000d71ba990,0x00000000d7e00000)
  from space 5120K, 99% used [0x00000000d7e00000,0x00000000d82f9b48,0x00000000d8300000)
  to   space 5120K, 0% used [0x00000000d8300000,0x00000000d8300000,0x00000000d8800000)
 ParOldGen       total 87552K, used 3724K [0x0000000081800000, 0x0000000086d80000, 0x00000000d5d80000)
  object space 87552K, 4% used [0x0000000081800000,0x0000000081ba3350,0x0000000086d80000)
 Metaspace       used 20621K, capacity 21178K, committed 21296K, reserved 1067008K
  class space    used 2649K, capacity 2820K, committed 2864K, reserved 1048576K
Event: 1.682 GC heap after
Heap after GC invocations=4 (full 0):
 PSYoungGen      total 38400K, used 5097K [0x00000000d5d80000, 0x00000000d8800000, 0x0000000100000000)
  eden space 33280K, 0% used [0x00000000d5d80000,0x00000000d5d80000,0x00000000d7e00000)
  from space 5120K, 99% used [0x00000000d8300000,0x00000000d87fa420,0x00000000d8800000)
  to   space 5120K, 0% used [0x00000000d7e00000,0x00000000d7e00000,0x00000000d8300000)
 ParOldGen       total 87552K, used 5545K [0x0000000081800000, 0x0000000086d80000, 0x00000000d5d80000)
  object space 87552K, 6% used [0x0000000081800000,0x0000000081d6a680,0x0000000086d80000)
 Metaspace       used 20621K, capacity 21178K, committed 21296K, reserved 1067008K
  class space    used 2649K, capacity 2820K, committed 2864K, reserved 1048576K
}
Event: 1.682 GC heap before
{Heap before GC invocations=5 (full 1):
 PSYoungGen      total 38400K, used 5097K [0x00000000d5d80000, 0x00000000d8800000, 0x0000000100000000)
  eden space 33280K, 0% used [0x00000000d5d80000,0x00000000d5d80000,0x00000000d7e00000)
  from space 5120K, 99% used [0x00000000d8300000,0x00000000d87fa420,0x00000000d8800000)
  to   space 5120K, 0% used [0x00000000d7e00000,0x00000000d7e00000,0x00000000d8300000)
 ParOldGen       total 87552K, used 5545K [0x0000000081800000, 0x0000000086d80000, 0x00000000d5d80000)
  object space 87552K, 6% used [0x0000000081800000,0x0000000081d6a680,0x0000000086d80000)
 Metaspace       used 20621K, capacity 21178K, committed 21296K, reserved 1067008K
  class space    used 2649K, capacity 2820K, committed 2864K, reserved 1048576K
Event: 1.712 GC heap after
Heap after GC invocations=5 (full 1):
 PSYoungGen      total 38400K, used 0K [0x00000000d5d80000, 0x00000000d8800000, 0x0000000100000000)
  eden space 33280K, 0% used [0x00000000d5d80000,0x00000000d5d80000,0x00000000d7e00000)
  from space 5120K, 0% used [0x00000000d8300000,0x00000000d8300000,0x00000000d8800000)
  to   space 5120K, 0% used [0x00000000d7e00000,0x00000000d7e00000,0x00000000d8300000)
 ParOldGen       total 56320K, used 6734K [0x0000000081800000, 0x0000000084f00000, 0x00000000d5d80000)
  object space 56320K, 11% used [0x0000000081800000,0x0000000081e93a78,0x0000000084f00000)
 Metaspace       used 20621K, capacity 21178K, committed 21296K, reserved 1067008K
  class space    used 2649K, capacity 2820K, committed 2864K, reserved 1048576K
}
Event: 2.250 GC heap before
{Heap before GC invocations=6 (full 1):
 PSYoungGen      total 38400K, used 33280K [0x00000000d5d80000, 0x00000000d8800000, 0x0000000100000000)
  eden space 33280K, 100% used [0x00000000d5d80000,0x00000000d7e00000,0x00000000d7e00000)
  from space 5120K, 0% used [0x00000000d8300000,0x00000000d8300000,0x00000000d8800000)
  to   space 5120K, 0% used [0x00000000d7e00000,0x00000000d7e00000,0x00000000d8300000)
 ParOldGen       total 56320K, used 6734K [0x0000000081800000, 0x0000000084f00000, 0x00000000d5d80000)
  object space 56320K, 11% used [0x0000000081800000,0x0000000081e93a78,0x0000000084f00000)
 Metaspace       used 23946K, capacity 24676K, committed 24880K, reserved 1071104K
  class space    used 3066K, capacity 3259K, committed 3376K, reserved 1048576K
Event: 2.255 GC heap after
Heap after GC invocations=6 (full 1):
 PSYoungGen      total 38400K, used 4072K [0x00000000d5d80000, 0x00000000da300000, 0x0000000100000000)
  eden space 33280K, 0% used [0x00000000d5d80000,0x00000000d5d80000,0x00000000d7e00000)
  from space 5120K, 79% used [0x00000000d7e00000,0x00000000d81fa208,0x00000000d8300000)
  to   space 9216K, 0% used [0x00000000d9a00000,0x00000000d9a00000,0x00000000da300000)
 ParOldGen       total 56320K, used 6806K [0x0000000081800000, 0x0000000084f00000, 0x00000000d5d80000)
  object space 56320K, 12% used [0x0000000081800000,0x0000000081ea5a88,0x0000000084f00000)
 Metaspace       used 23946K, capacity 24676K, committed 24880K, reserved 1071104K
  class space    used 3066K, capacity 3259K, committed 3376K, reserved 1048576K
}

