# JRE version: Java(TM) SE Runtime Environment (8.0_181-b13) (build 1.8.0_181-b13)
# Java VM: Java HotSpot(TM) 64-Bit Server VM (25.181-b13 mixed mode windows-amd64 compressed oops)
Heap:
 PSYoungGen      total 117248K, used 502K [0x00000000eab00000, 0x00000000f3700000, 0x0000000100000000)
  eden space 114688K, 0% used [0x00000000eab00000,0x00000000eab7d988,0x00000000f1b00000)
  from space 2560K, 0% used [0x00000000f3480000,0x00000000f3480000,0x00000000f3700000)
  to   space 14336K, 0% used [0x00000000f1b00000,0x00000000f1b00000,0x00000000f2900000)
 ParOldGen       total 93696K, used 25202K [0x00000000c0000000, 0x00000000c5b80000, 0x00000000eab00000)
  object space 93696K, 26% used [0x00000000c0000000,0x00000000c189c830,0x00000000c5b80000)
 Metaspace       used 43716K, capacity 44390K, committed 44800K, reserved 1089536K
  class space    used 6099K, capacity 6321K, committed 6400K, reserved 1048576K
GC Heap History (10 events):
Event: 715.220 GC heap before
{Heap before GC invocations=15 (full 3):
 PSYoungGen      total 122368K, used 10720K [0x00000000eab00000, 0x00000000f3f00000, 0x0000000100000000)
  eden space 111616K, 0% used [0x00000000eab00000,0x00000000eab00000,0x00000000f1800000)
  from space 10752K, 99% used [0x00000000f3480000,0x00000000f3ef8358,0x00000000f3f00000)
  to   space 13312K, 0% used [0x00000000f2500000,0x00000000f2500000,0x00000000f3200000)
 ParOldGen       total 93696K, used 20258K [0x00000000c0000000, 0x00000000c5b80000, 0x00000000eab00000)
  object space 93696K, 21% used [0x00000000c0000000,0x00000000c13c8888,0x00000000c5b80000)
 Metaspace       used 43727K, capacity 44442K, committed 44544K, reserved 1091584K
  class space    used 6111K, capacity 6355K, committed 6400K, reserved 1048576K
Event: 715.554 GC heap after
Heap after GC invocations=15 (full 3):
 PSYoungGen      total 122368K, used 0K [0x00000000eab00000, 0x00000000f3f00000, 0x0000000100000000)
  eden space 111616K, 0% used [0x00000000eab00000,0x00000000eab00000,0x00000000f1800000)
  from space 10752K, 0% used [0x00000000f3480000,0x00000000f3480000,0x00000000f3f00000)
  to   space 13312K, 0% used [0x00000000f2500000,0x00000000f2500000,0x00000000f3200000)
 ParOldGen       total 93696K, used 28397K [0x00000000c0000000, 0x00000000c5b80000, 0x00000000eab00000)
  object space 93696K, 30% used [0x00000000c0000000,0x00000000c1bbb7c0,0x00000000c5b80000)
 Metaspace       used 43727K, capacity 44442K, committed 44544K, reserved 1089536K
  class space    used 6111K, capacity 6355K, committed 6400K, reserved 1048576K
}
Event: 715.555 GC heap before
{Heap before GC invocations=16 (full 3):
 PSYoungGen      total 122368K, used 13K [0x00000000eab00000, 0x00000000f3f00000, 0x0000000100000000)
  eden space 111616K, 0% used [0x00000000eab00000,0x00000000eab036d0,0x00000000f1800000)
  from space 10752K, 0% used [0x00000000f3480000,0x00000000f3480000,0x00000000f3f00000)
  to   space 13312K, 0% used [0x00000000f2500000,0x00000000f2500000,0x00000000f3200000)
 ParOldGen       total 93696K, used 28397K [0x00000000c0000000, 0x00000000c5b80000, 0x00000000eab00000)
  object space 93696K, 30% used [0x00000000c0000000,0x00000000c1bbb7c0,0x00000000c5b80000)
 Metaspace       used 43727K, capacity 44442K, committed 44544K, reserved 1093632K
  class space    used 6111K, capacity 6355K, committed 6400K, reserved 1048576K
Event: 715.557 GC heap after
Heap after GC invocations=16 (full 3):
 PSYoungGen      total 124928K, used 96K [0x00000000eab00000, 0x00000000f3f00000, 0x0000000100000000)
  eden space 111616K, 0% used [0x00000000eab00000,0x00000000eab00000,0x00000000f1800000)
  from space 13312K, 0% used [0x00000000f2500000,0x00000000f2518000,0x00000000f3200000)
  to   space 10752K, 0% used [0x00000000f3480000,0x00000000f3480000,0x00000000f3f00000)
 ParOldGen       total 93696K, used 28397K [0x00000000c0000000, 0x00000000c5b80000, 0x00000000eab00000)
  object space 93696K, 30% used [0x00000000c0000000,0x00000000c1bbb7c0,0x00000000c5b80000)
 Metaspace       used 43727K, capacity 44442K, committed 44544K, reserved 1093632K
  class space    used 6111K, capacity 6355K, committed 6400K, reserved 1048576K
}
Event: 715.557 GC heap before
{Heap before GC invocations=17 (full 4):
 PSYoungGen      total 124928K, used 96K [0x00000000eab00000, 0x00000000f3f00000, 0x0000000100000000)
  eden space 111616K, 0% used [0x00000000eab00000,0x00000000eab00000,0x00000000f1800000)
  from space 13312K, 0% used [0x00000000f2500000,0x00000000f2518000,0x00000000f3200000)
  to   space 10752K, 0% used [0x00000000f3480000,0x00000000f3480000,0x00000000f3f00000)
 ParOldGen       total 93696K, used 28397K [0x00000000c0000000, 0x00000000c5b80000, 0x00000000eab00000)
  object space 93696K, 30% used [0x00000000c0000000,0x00000000c1bbb7c0,0x00000000c5b80000)
 Metaspace       used 43727K, capacity 44442K, committed 44544K, reserved 1093632K
  class space    used 6111K, capacity 6355K, committed 6400K, reserved 1048576K
Event: 715.628 GC heap after
Heap after GC invocations=17 (full 4):
 PSYoungGen      total 124928K, used 0K [0x00000000eab00000, 0x00000000f3f00000, 0x0000000100000000)
  eden space 111616K, 0% used [0x00000000eab00000,0x00000000eab00000,0x00000000f1800000)
  from space 13312K, 0% used [0x00000000f2500000,0x00000000f2500000,0x00000000f3200000)
  to   space 10752K, 0% used [0x00000000f3480000,0x00000000f3480000,0x00000000f3f00000)
 ParOldGen       total 93696K, used 28397K [0x00000000c0000000, 0x00000000c5b80000, 0x00000000eab00000)
  object space 93696K, 30% used [0x00000000c0000000,0x00000000c1bbb7c0,0x00000000c5b80000)
 Metaspace       used 43727K, capacity 44442K, committed 44544K, reserved 1089536K
  class space    used 6111K, capacity 6355K, committed 6400K, reserved 1048576K
}
Event: 715.628 GC heap before
{Heap before GC invocations=18 (full 4):
 PSYoungGen      total 124928K, used 0K [0x00000000eab00000, 0x00000000f3f00000, 0x0000000100000000)
  eden space 111616K, 0% used [0x00000000eab00000,0x00000000eab00000,0x00000000f1800000)
  from space 13312K, 0% used [0x00000000f2500000,0x00000000f2500000,0x00000000f3200000)
  to   space 10752K, 0% used [0x00000000f3480000,0x00000000f3480000,0x00000000f3f00000)
 ParOldGen       total 93696K, used 28397K [0x00000000c0000000, 0x00000000c5b80000, 0x00000000eab00000)
  object space 93696K, 30% used [0x00000000c0000000,0x00000000c1bbb7c0,0x00000000c5b80000)
 Metaspace       used 43727K, capacity 44442K, committed 44544K, reserved 1093632K
  class space    used 6111K, capacity 6355K, committed 6400K, reserved 1048576K
Event: 715.632 GC heap after
Heap after GC invocations=18 (full 4):
 PSYoungGen      total 117248K, used 0K [0x00000000eab00000, 0x00000000f3700000, 0x0000000100000000)
  eden space 114688K, 0% used [0x00000000eab00000,0x00000000eab00000,0x00000000f1b00000)
  from space 2560K, 0% used [0x00000000f3480000,0x00000000f3480000,0x00000000f3700000)
  to   space 14336K, 0% used [0x00000000f1b00000,0x00000000f1b00000,0x00000000f2900000)
 ParOldGen       total 93696K, used 28397K [0x00000000c0000000, 0x00000000c5b80000, 0x00000000eab00000)
  object space 93696K, 30% used [0x00000000c0000000,0x00000000c1bbb7c0,0x00000000c5b80000)
 Metaspace       used 43727K, capacity 44442K, committed 44544K, reserved 1093632K
  class space    used 6111K, capacity 6355K, committed 6400K, reserved 1048576K
}
Event: 715.632 GC heap before
{Heap before GC invocations=19 (full 5):
 PSYoungGen      total 117248K, used 0K [0x00000000eab00000, 0x00000000f3700000, 0x0000000100000000)
  eden space 114688K, 0% used [0x00000000eab00000,0x00000000eab00000,0x00000000f1b00000)
  from space 2560K, 0% used [0x00000000f3480000,0x00000000f3480000,0x00000000f3700000)
  to   space 14336K, 0% used [0x00000000f1b00000,0x00000000f1b00000,0x00000000f2900000)
 ParOldGen       total 93696K, used 28397K [0x00000000c0000000, 0x00000000c5b80000, 0x00000000eab00000)
  object space 93696K, 30% used [0x00000000c0000000,0x00000000c1bbb7c0,0x00000000c5b80000)
 Metaspace       used 43727K, capacity 44442K, committed 44544K, reserved 1093632K
  class space    used 6111K, capacity 6355K, committed 6400K, reserved 1048576K
Event: 715.859 GC heap after
Heap after GC invocations=19 (full 5):
 PSYoungGen      total 117248K, used 0K [0x00000000eab00000, 0x00000000f3700000, 0x0000000100000000)
  eden space 114688K, 0% used [0x00000000eab00000,0x00000000eab00000,0x00000000f1b00000)
  from space 2560K, 0% used [0x00000000f3480000,0x00000000f3480000,0x00000000f3700000)
  to   space 14336K, 0% used [0x00000000f1b00000,0x00000000f1b00000,0x00000000f2900000)
 ParOldGen       total 93696K, used 25202K [0x00000000c0000000, 0x00000000c5b80000, 0x00000000eab00000)
  object space 93696K, 26% used [0x00000000c0000000,0x00000000c189c830,0x00000000c5b80000)
 Metaspace       used 43639K, capacity 44302K, committed 44544K, reserved 1089536K
  class space    used 6090K, capacity 6317K, committed 6400K, reserved 1048576K
}

