# JRE version: Java(TM) SE Runtime Environment (8.0_181-b13) (build 1.8.0_181-b13)
# Java VM: Java HotSpot(TM) 64-Bit Server VM (25.181-b13 mixed mode windows-amd64 compressed oops)
Heap:
 PSYoungGen      total 113152K, used 11971K [0x00000000d5d80000, 0x00000000dd800000, 0x0000000100000000)
  eden space 101376K, 1% used [0x00000000d5d80000,0x00000000d5f585c0,0x00000000dc080000)
  from space 11776K, 85% used [0x00000000dc080000,0x00000000dca588a8,0x00000000dcc00000)
  to   space 9216K, 0% used [0x00000000dcc00000,0x00000000dcc00000,0x00000000dd500000)
 ParOldGen       total 56832K, used 19102K [0x0000000081800000, 0x0000000084f80000, 0x00000000d5d80000)
  object space 56832K, 33% used [0x0000000081800000,0x0000000082aa7b10,0x0000000084f80000)
 Metaspace       used 43569K, capacity 45698K, committed 45872K, reserved 1089536K
  class space    used 5784K, capacity 6144K, committed 6192K, reserved 1048576K
GC Heap History (10 events):
Event: 3.973 GC heap before
{Heap before GC invocations=7 (full 1):
 PSYoungGen      total 71680K, used 71675K [0x00000000d5d80000, 0x00000000dd500000, 0x0000000100000000)
  eden space 66560K, 100% used [0x00000000d5d80000,0x00000000d9e80000,0x00000000d9e80000)
  from space 5120K, 99% used [0x00000000d9e80000,0x00000000da37ee28,0x00000000da380000)
  to   space 9216K, 0% used [0x00000000dcc00000,0x00000000dcc00000,0x00000000dd500000)
 ParOldGen       total 56832K, used 9086K [0x0000000081800000, 0x0000000084f80000, 0x00000000d5d80000)
  object space 56832K, 15% used [0x0000000081800000,0x00000000820dfaa0,0x0000000084f80000)
 Metaspace       used 30901K, capacity 32182K, committed 32432K, reserved 1077248K
  class space    used 4013K, capacity 4266K, committed 4272K, reserved 1048576K
Event: 3.985 GC heap after
Heap after GC invocations=7 (full 1):
 PSYoungGen      total 110592K, used 9211K [0x00000000d5d80000, 0x00000000dd800000, 0x0000000100000000)
  eden space 101376K, 0% used [0x00000000d5d80000,0x00000000d5d80000,0x00000000dc080000)
  from space 9216K, 99% used [0x00000000dcc00000,0x00000000dd4fef88,0x00000000dd500000)
  to   space 11776K, 0% used [0x00000000dc080000,0x00000000dc080000,0x00000000dcc00000)
 ParOldGen       total 56832K, used 12454K [0x0000000081800000, 0x0000000084f80000, 0x00000000d5d80000)
  object space 56832K, 21% used [0x0000000081800000,0x0000000082429a20,0x0000000084f80000)
 Metaspace       used 30901K, capacity 32182K, committed 32432K, reserved 1077248K
  class space    used 4013K, capacity 4266K, committed 4272K, reserved 1048576K
}
Event: 4.641 GC heap before
{Heap before GC invocations=8 (full 1):
 PSYoungGen      total 110592K, used 43205K [0x00000000d5d80000, 0x00000000dd800000, 0x0000000100000000)
  eden space 101376K, 33% used [0x00000000d5d80000,0x00000000d7eb2550,0x00000000dc080000)
  from space 9216K, 99% used [0x00000000dcc00000,0x00000000dd4fef88,0x00000000dd500000)
  to   space 11776K, 0% used [0x00000000dc080000,0x00000000dc080000,0x00000000dcc00000)
 ParOldGen       total 56832K, used 12454K [0x0000000081800000, 0x0000000084f80000, 0x00000000d5d80000)
  object space 56832K, 21% used [0x0000000081800000,0x0000000082429a20,0x0000000084f80000)
 Metaspace       used 33966K, capacity 35330K, committed 35496K, reserved 1081344K
  class space    used 4359K, capacity 4616K, committed 4656K, reserved 1048576K
Event: 4.656 GC heap after
Heap after GC invocations=8 (full 1):
 PSYoungGen      total 113152K, used 11767K [0x00000000d5d80000, 0x00000000dd800000, 0x0000000100000000)
  eden space 101376K, 0% used [0x00000000d5d80000,0x00000000d5d80000,0x00000000dc080000)
  from space 11776K, 99% used [0x00000000dc080000,0x00000000dcbfde10,0x00000000dcc00000)
  to   space 9216K, 0% used [0x00000000dcc00000,0x00000000dcc00000,0x00000000dd500000)
 ParOldGen       total 56832K, used 13168K [0x0000000081800000, 0x0000000084f80000, 0x00000000d5d80000)
  object space 56832K, 23% used [0x0000000081800000,0x00000000824dc140,0x0000000084f80000)
 Metaspace       used 33966K, capacity 35330K, committed 35496K, reserved 1081344K
  class space    used 4359K, capacity 4616K, committed 4656K, reserved 1048576K
}
Event: 4.656 GC heap before
{Heap before GC invocations=9 (full 2):
 PSYoungGen      total 113152K, used 11767K [0x00000000d5d80000, 0x00000000dd800000, 0x0000000100000000)
  eden space 101376K, 0% used [0x00000000d5d80000,0x00000000d5d80000,0x00000000dc080000)
  from space 11776K, 99% used [0x00000000dc080000,0x00000000dcbfde10,0x00000000dcc00000)
  to   space 9216K, 0% used [0x00000000dcc00000,0x00000000dcc00000,0x00000000dd500000)
 ParOldGen       total 56832K, used 13168K [0x0000000081800000, 0x0000000084f80000, 0x00000000d5d80000)
  object space 56832K, 23% used [0x0000000081800000,0x00000000824dc140,0x0000000084f80000)
 Metaspace       used 33966K, capacity 35330K, committed 35496K, reserved 1081344K
  class space    used 4359K, capacity 4616K, committed 4656K, reserved 1048576K
Event: 4.737 GC heap after
Heap after GC invocations=9 (full 2):
 PSYoungGen      total 113152K, used 0K [0x00000000d5d80000, 0x00000000dd800000, 0x0000000100000000)
  eden space 101376K, 0% used [0x00000000d5d80000,0x00000000d5d80000,0x00000000dc080000)
  from space 11776K, 0% used [0x00000000dc080000,0x00000000dc080000,0x00000000dcc00000)
  to   space 9216K, 0% used [0x00000000dcc00000,0x00000000dcc00000,0x00000000dd500000)
 ParOldGen       total 56832K, used 17967K [0x0000000081800000, 0x0000000084f80000, 0x00000000d5d80000)
  object space 56832K, 31% used [0x0000000081800000,0x000000008298bc48,0x0000000084f80000)
 Metaspace       used 33966K, capacity 35330K, committed 35496K, reserved 1081344K
  class space    used 4359K, capacity 4616K, committed 4656K, reserved 1048576K
}
Event: 6.389 GC heap before
{Heap before GC invocations=10 (full 2):
 PSYoungGen      total 113152K, used 101376K [0x00000000d5d80000, 0x00000000dd800000, 0x0000000100000000)
  eden space 101376K, 100% used [0x00000000d5d80000,0x00000000dc080000,0x00000000dc080000)
  from space 11776K, 0% used [0x00000000dc080000,0x00000000dc080000,0x00000000dcc00000)
  to   space 9216K, 0% used [0x00000000dcc00000,0x00000000dcc00000,0x00000000dd500000)
 ParOldGen       total 56832K, used 17967K [0x0000000081800000, 0x0000000084f80000, 0x00000000d5d80000)
  object space 56832K, 31% used [0x0000000081800000,0x000000008298bc48,0x0000000084f80000)
 Metaspace       used 40769K, capacity 42712K, committed 42928K, reserved 1087488K
  class space    used 5384K, capacity 5753K, committed 5808K, reserved 1048576K
Event: 6.405 GC heap after
Heap after GC invocations=10 (full 2):
 PSYoungGen      total 110592K, used 9195K [0x00000000d5d80000, 0x00000000dd800000, 0x0000000100000000)
  eden space 101376K, 0% used [0x00000000d5d80000,0x00000000d5d80000,0x00000000dc080000)
  from space 9216K, 99% used [0x00000000dcc00000,0x00000000dd4fad70,0x00000000dd500000)
  to   space 11776K, 0% used [0x00000000dc080000,0x00000000dc080000,0x00000000dcc00000)
 ParOldGen       total 56832K, used 19094K [0x0000000081800000, 0x0000000084f80000, 0x00000000d5d80000)
  object space 56832K, 33% used [0x0000000081800000,0x0000000082aa5b10,0x0000000084f80000)
 Metaspace       used 40769K, capacity 42712K, committed 42928K, reserved 1087488K
  class space    used 5384K, capacity 5753K, committed 5808K, reserved 1048576K
}
Event: 7.468 GC heap before
{Heap before GC invocations=11 (full 2):
 PSYoungGen      total 110592K, used 110571K [0x00000000d5d80000, 0x00000000dd800000, 0x0000000100000000)
  eden space 101376K, 100% used [0x00000000d5d80000,0x00000000dc080000,0x00000000dc080000)
  from space 9216K, 99% used [0x00000000dcc00000,0x00000000dd4fad70,0x00000000dd500000)
  to   space 11776K, 0% used [0x00000000dc080000,0x00000000dc080000,0x00000000dcc00000)
 ParOldGen       total 56832K, used 19094K [0x0000000081800000, 0x0000000084f80000, 0x00000000d5d80000)
  object space 56832K, 33% used [0x0000000081800000,0x0000000082aa5b10,0x0000000084f80000)
 Metaspace       used 43547K, capacity 45698K, committed 45872K, reserved 1089536K
  class space    used 5781K, capacity 6144K, committed 6192K, reserved 1048576K
Event: 7.484 GC heap after
Heap after GC invocations=11 (full 2):
 PSYoungGen      total 113152K, used 10082K [0x00000000d5d80000, 0x00000000dd800000, 0x0000000100000000)
  eden space 101376K, 0% used [0x00000000d5d80000,0x00000000d5d80000,0x00000000dc080000)
  from space 11776K, 85% used [0x00000000dc080000,0x00000000dca588a8,0x00000000dcc00000)
  to   space 9216K, 0% used [0x00000000dcc00000,0x00000000dcc00000,0x00000000dd500000)
 ParOldGen       total 56832K, used 19102K [0x0000000081800000, 0x0000000084f80000, 0x00000000d5d80000)
  object space 56832K, 33% used [0x0000000081800000,0x0000000082aa7b10,0x0000000084f80000)
 Metaspace       used 43547K, capacity 45698K, committed 45872K, reserved 1089536K
  class space    used 5781K, capacity 6144K, committed 6192K, reserved 1048576K
}

